<?xml version="1.0" encoding="UTF-8"?>
<testsuite xmlns:xsi="http://www.w3.org/2001/XMLSchema-instance" xsi:noNamespaceSchemaLocation="https://maven.apache.org/surefire/maven-surefire-plugin/xsd/surefire-test-report-3.0.xsd" version="3.0" name="com.junitapp.models.CuentaTest$EjemploTimeOut" time="11.046" tests="10" errors="2" skipped="0" failures="1">
  <properties>
[...]
</properties>
  <testcase name="testDineroInsuficienteExceptionCuenta" classname="com.junitapp.models.CuentaTest" time="0.035">
    <system-out><![CDATA[Inicializando el test
iniciando metodo de prueba
finalizando el metodo de prueba
]]></system-out>
  </testcase>
  <testcase name="testRelacionBancoCuentas" classname="com.junitapp.models.CuentaTest" time="0.004">
    <system-out><![CDATA[iniciando metodo de prueba
finalizando el metodo de prueba
]]></system-out>
  </testcase>
  <testcase name="testDebitoCuentaRepetir(RepetitionInfo)[1]" classname="com.junitapp.models.CuentaTest" time="0.003">
    <system-out><![CDATA[iniciando metodo de prueba
finalizando el metodo de prueba
]]></system-out>
  </testcase>
  <testcase name="testDebitoCuentaRepetir(RepetitionInfo)[2]" classname="com.junitapp.models.CuentaTest" time="0.001">
    <system-out><![CDATA[iniciando metodo de prueba
finalizando el metodo de prueba
]]></system-out>
  </testcase>
  <testcase name="testDebitoCuentaRepetir(RepetitionInfo)[3]" classname="com.junitapp.models.CuentaTest" time="0.003">
    <system-out><![CDATA[iniciando metodo de prueba
repetition numero 3
finalizando el metodo de prueba
]]></system-out>
  </testcase>
  <testcase name="testDebitoCuentaRepetir(RepetitionInfo)[4]" classname="com.junitapp.models.CuentaTest" time="0.001">
    <system-out><![CDATA[iniciando metodo de prueba
finalizando el metodo de prueba
]]></system-out>
  </testcase>
  <testcase name="testDebitoCuentaRepetir(RepetitionInfo)[5]" classname="com.junitapp.models.CuentaTest" time="0.0">
    <system-out><![CDATA[iniciando metodo de prueba
finalizando el metodo de prueba
]]></system-out>
  </testcase>
  <testcase name="pruebaTimeOut2" classname="com.junitapp.models.CuentaTest$EjemploTimeOut" time="0.521">
    <error message="pruebaTimeOut2() timed out after 500 milliseconds" type="java.util.concurrent.TimeoutException"><![CDATA[java.util.concurrent.TimeoutException: pruebaTimeOut2() timed out after 500 milliseconds
	at java.base/java.util.ArrayList.forEach(ArrayList.java:1596)
	at java.base/java.util.ArrayList.forEach(ArrayList.java:1596)
	at java.base/java.util.ArrayList.forEach(ArrayList.java:1596)
	Suppressed: java.lang.InterruptedException: sleep interrupted
		at java.base/java.lang.Thread.sleep0(Native Method)
		at java.base/java.lang.Thread.sleep(Thread.java:558)
		at java.base/java.util.concurrent.TimeUnit.sleep(TimeUnit.java:446)
		at com.junitapp.models.CuentaTest$EjemploTimeOut.pruebaTimeOut2(CuentaTest.java:385)
		at java.base/java.lang.reflect.Method.invoke(Method.java:580)
		... 3 more
]]></error>
    <system-out><![CDATA[iniciando metodo de prueba
finalizando el metodo de prueba
]]></system-out>
  </testcase>
  <testcase name="pruebaTimeOut" classname="com.junitapp.models.CuentaTest$EjemploTimeOut" time="5.003">
    <error message="pruebaTimeOut() timed out after 5 seconds" type="java.util.concurrent.TimeoutException"><![CDATA[java.util.concurrent.TimeoutException: pruebaTimeOut() timed out after 5 seconds
	at java.base/java.util.ArrayList.forEach(ArrayList.java:1596)
	at java.base/java.util.ArrayList.forEach(ArrayList.java:1596)
	at java.base/java.util.ArrayList.forEach(ArrayList.java:1596)
	Suppressed: java.lang.InterruptedException: sleep interrupted
		at java.base/java.lang.Thread.sleep0(Native Method)
		at java.base/java.lang.Thread.sleep(Thread.java:558)
		at java.base/java.util.concurrent.TimeUnit.sleep(TimeUnit.java:446)
		at com.junitapp.models.CuentaTest$EjemploTimeOut.pruebaTimeOut(CuentaTest.java:379)
		at java.base/java.lang.reflect.Method.invoke(Method.java:580)
		... 3 more
]]></error>
    <system-out><![CDATA[iniciando metodo de prueba
finalizando el metodo de prueba
]]></system-out>
  </testcase>
  <testcase name="testTimeOutAssertions" classname="com.junitapp.models.CuentaTest$EjemploTimeOut" time="5.516">
    <failure message="execution exceeded timeout of 5000 ms by 512 ms" type="org.opentest4j.AssertionFailedError"><![CDATA[org.opentest4j.AssertionFailedError: execution exceeded timeout of 5000 ms by 512 ms
	at org.junit.jupiter.api.AssertionFailureBuilder.build(AssertionFailureBuilder.java:152)
	at org.junit.jupiter.api.AssertionFailureBuilder.buildAndThrow(AssertionFailureBuilder.java:132)
	at org.junit.jupiter.api.AssertTimeout.assertTimeout(AssertTimeout.java:81)
	at org.junit.jupiter.api.AssertTimeout.assertTimeout(AssertTimeout.java:57)
	at org.junit.jupiter.api.AssertTimeout.assertTimeout(AssertTimeout.java:39)
	at org.junit.jupiter.api.AssertTimeout.assertTimeout(AssertTimeout.java:35)
	at org.junit.jupiter.api.Assertions.assertTimeout(Assertions.java:3294)
	at com.junitapp.models.CuentaTest$EjemploTimeOut.testTimeOutAssertions(CuentaTest.java:390)
	at java.base/java.lang.reflect.Method.invoke(Method.java:580)
	at java.base/java.util.ArrayList.forEach(ArrayList.java:1596)
	at java.base/java.util.ArrayList.forEach(ArrayList.java:1596)
	at java.base/java.util.ArrayList.forEach(ArrayList.java:1596)
]]></failure>
    <system-out><![CDATA[iniciando metodo de prueba
finalizando el metodo de prueba
]]></system-out>
  </testcase>
</testsuite>